<?xml version="1.0" encoding="UTF-8"?>
<!-- Generated by org.testng.reporters.JUnitReportReporter -->
<testsuite skipped="0" hostname="DESKTOP-5IH978Q" name="com.training.sanity.tests.LoginTests" tests="1" failures="0" timestamp="2019-09-24T09:46:45 EDT" time="55.463" errors="0">
  <testcase name="validLoginTest" time="55.463" classname="com.training.sanity.tests.LoginTests"/>
</testsuite> <!-- com.training.sanity.tests.LoginTests -->
