<?xml version="1.0" encoding="UTF-8"?>
<!-- Generated by org.testng.reporters.JUnitReportReporter -->
<testsuite skipped="0" hostname="DESKTOP-5IH978Q" name="com.training.sanity.tests.LoginTests2" tests="3" failures="0" timestamp="2019-09-30T21:51:59 EDT" time="82.638" errors="0">
  <testcase name="RETC_043" time="21.663" classname="com.training.sanity.tests.LoginTests2"/>
  <testcase name="RETC_044" time="30.883" classname="com.training.sanity.tests.LoginTests2"/>
  <testcase name="RETC_045" time="30.092" classname="com.training.sanity.tests.LoginTests2"/>
</testsuite> <!-- com.training.sanity.tests.LoginTests2 -->
